<?xml version="1.0" encoding="UTF-8"?>
<!-- Generated by org.testng.reporters.JUnitXMLReporter -->
<testsuite ignored="0" hostname="LAPTOP-SOJBC8TS" failures="0" tests="5" name="Default test" time="24.623" errors="0" timestamp="2025-05-04T18:53:47 IST">
  <testcase classname="NixonexE_commerce.NixonexE_commerce.AppTest" name="registration" time="2.24"/>
  <testcase classname="NixonexE_commerce.NixonexE_commerce.AppTest" name="searchProduct" time="2.33"/>
  <testcase classname="NixonexE_commerce.NixonexE_commerce.AppTest" name="AddtoCart" time="3.652"/>
  <testcase classname="NixonexE_commerce.NixonexE_commerce.AppTest" name="cartClick" time="5.268"/>
  <testcase classname="NixonexE_commerce.NixonexE_commerce.AppTest" name="placeOrder" time="1.354"/>
</testsuite> <!-- Default test -->
