<?xml version="1.0" encoding="UTF-8"?>
<!-- Generated by org.testng.reporters.JUnitXMLReporter -->
<testsuite ignored="1" hostname="LAPTOP-SOJBC8TS" failures="0" tests="4" name="Test" time="15.17" errors="0" timestamp="2025-05-04T17:16:13 IST">
  <testcase classname="NixonexE_commerce.NixonexE_commerce.AppTest" name="searchProduct" time="2.312"/>
  <testcase classname="NixonexE_commerce.NixonexE_commerce.AppTest" name="AddtoCart" time="2.654"/>
  <testcase classname="NixonexE_commerce.NixonexE_commerce.AppTest" name="cartClick" time="1.976"/>
  <testcase classname="NixonexE_commerce.NixonexE_commerce.AppTest" name="placeOrder" time="2.306"/>
  <testcase classname="NixonexE_commerce.NixonexE_commerce.AppTest" name="registration" time="0.0">
    <ignored/>
  </testcase> <!-- registration -->
</testsuite> <!-- Test -->
