<?xml version="1.0" encoding="UTF-8"?>
<testng-results ignored="0" total="5" passed="5" failed="0" skipped="0">
  <reporter-output>
  </reporter-output>
  <suite started-at="2025-05-04T18:53:22 IST" name="Default suite" finished-at="2025-05-04T18:53:47 IST" duration-ms="24623">
    <groups>
    </groups>
    <test started-at="2025-05-04T18:53:22 IST" name="Default test" finished-at="2025-05-04T18:53:47 IST" duration-ms="24623">
      <class name="NixonexE_commerce.NixonexE_commerce.AppTest">
        <test-method is-config="true" signature="beforeTest()[pri:0, instance:NixonexE_commerce.NixonexE_commerce.AppTest@1bb5a082]" started-at="2025-05-04T18:53:22 IST" name="beforeTest" finished-at="2025-05-04T18:53:31 IST" duration-ms="9084" status="PASS">
          <reporter-output>
          </reporter-output>
        </test-method> <!-- beforeTest -->
        <test-method signature="registration()[pri:1, instance:NixonexE_commerce.NixonexE_commerce.AppTest@1bb5a082]" started-at="2025-05-04T18:53:31 IST" name="registration" finished-at="2025-05-04T18:53:33 IST" duration-ms="2240" status="PASS">
          <reporter-output>
          </reporter-output>
        </test-method> <!-- registration -->
        <test-method signature="searchProduct()[pri:2, instance:NixonexE_commerce.NixonexE_commerce.AppTest@1bb5a082]" started-at="2025-05-04T18:53:33 IST" name="searchProduct" finished-at="2025-05-04T18:53:36 IST" duration-ms="2330" status="PASS">
          <reporter-output>
          </reporter-output>
        </test-method> <!-- searchProduct -->
        <test-method signature="AddtoCart()[pri:3, instance:NixonexE_commerce.NixonexE_commerce.AppTest@1bb5a082]" started-at="2025-05-04T18:53:36 IST" name="AddtoCart" finished-at="2025-05-04T18:53:39 IST" duration-ms="3652" status="PASS">
          <reporter-output>
          </reporter-output>
        </test-method> <!-- AddtoCart -->
        <test-method signature="cartClick()[pri:4, instance:NixonexE_commerce.NixonexE_commerce.AppTest@1bb5a082]" started-at="2025-05-04T18:53:39 IST" name="cartClick" finished-at="2025-05-04T18:53:45 IST" duration-ms="5268" status="PASS">
          <reporter-output>
          </reporter-output>
        </test-method> <!-- cartClick -->
        <test-method signature="placeOrder()[pri:5, instance:NixonexE_commerce.NixonexE_commerce.AppTest@1bb5a082]" started-at="2025-05-04T18:53:45 IST" name="placeOrder" finished-at="2025-05-04T18:53:46 IST" duration-ms="1354" status="PASS">
          <reporter-output>
          </reporter-output>
        </test-method> <!-- placeOrder -->
        <test-method is-config="true" signature="afterTest()[pri:0, instance:NixonexE_commerce.NixonexE_commerce.AppTest@1bb5a082]" started-at="2025-05-04T18:53:46 IST" name="afterTest" finished-at="2025-05-04T18:53:47 IST" duration-ms="657" status="PASS">
          <reporter-output>
          </reporter-output>
        </test-method> <!-- afterTest -->
      </class> <!-- NixonexE_commerce.NixonexE_commerce.AppTest -->
    </test> <!-- Default test -->
  </suite> <!-- Default suite -->
</testng-results>
